<?xml version="1.0" encoding="UTF-8"?>
<!-- Generated by org.testng.reporters.JUnitXMLReporter -->
<testsuite ignored="5" hostname="DESKTOP-LOSCQCA" failures="0" tests="3" name="GroupingTest" time="0.087" errors="0" timestamp="2025-01-28T21:59:06 IST">
  <testcase classname="testNG_Grouping.LoginTest" name="loginByGmail" time="0.011"/>
  <testcase classname="testNG_Grouping.LoginTest" name="loginByFacebook" time="0.001"/>
  <testcase classname="testNG_Grouping.LoginTest" name="loginByTweeter" time="0.002"/>
  <testcase classname="testNG_Grouping.PaymentTest" name="paymentInRupees" time="0.0">
    <ignored/>
  </testcase> <!-- paymentInRupees -->
  <testcase classname="testNG_Grouping.SignUpTest" name="signUpByGmail" time="0.0">
    <ignored/>
  </testcase> <!-- signUpByGmail -->
  <testcase classname="testNG_Grouping.PaymentTest" name="paymentInDollars" time="0.0">
    <ignored/>
  </testcase> <!-- paymentInDollars -->
  <testcase classname="testNG_Grouping.SignUpTest" name="signUpByFacebook" time="0.0">
    <ignored/>
  </testcase> <!-- signUpByFacebook -->
  <testcase classname="testNG_Grouping.SignUpTest" name="signUpByTweeter" time="0.0">
    <ignored/>
  </testcase> <!-- signUpByTweeter -->
</testsuite> <!-- GroupingTest -->
