<?xml version="1.0" encoding="UTF-8"?>
<!-- Generated by org.testng.reporters.JUnitXMLReporter -->
<testsuite ignored="0" hostname="DESKTOP-LOSCQCA" failures="0" tests="3" name="ChromeTest" time="19.589" errors="0" timestamp="2025-02-08T01:59:25 IST">
  <testcase classname="testNG_Parallel_Testing.UsingXMLFile" name="testLogo" time="0.131"/>
  <testcase classname="testNG_Parallel_Testing.UsingXMLFile" name="testTitle" time="0.013"/>
  <testcase classname="testNG_Parallel_Testing.UsingXMLFile" name="testURL" time="0.01"/>
</testsuite> <!-- ChromeTest -->
