<?xml version="1.0" encoding="UTF-8"?>
<!-- Generated by org.testng.reporters.JUnitXMLReporter -->
<testsuite ignored="0" hostname="DESKTOP-LOSCQCA" failures="0" tests="3" name="FirefoxTest" time="24.223" errors="0" timestamp="2025-02-08T02:00:06 IST">
  <testcase classname="testNG_Parallel_Testing.UsingXMLFile" name="testLogo" time="0.087"/>
  <testcase classname="testNG_Parallel_Testing.UsingXMLFile" name="testTitle" time="0.006"/>
  <testcase classname="testNG_Parallel_Testing.UsingXMLFile" name="testURL" time="0.005"/>
</testsuite> <!-- FirefoxTest -->
