<?xml version="1.0" encoding="UTF-8"?>
<!-- Generated by org.testng.reporters.JUnitXMLReporter -->
<testsuite ignored="0" hostname="DESKTOP-LOSCQCA" failures="1" tests="3" name="Test" time="18.583" errors="0" timestamp="2025-02-08T23:31:35 IST">
  <testcase classname="testNG_Listener_ExtentReport.TestCasesClass" name="testURL" time="0.021">
    <failure type="java.lang.AssertionError" message="expected [https://opensource-demo.orangehrmlive.com/] but found [https://opensource-demo.orangehrmlive.com/web/index.php/auth/login]">
      <![CDATA[java.lang.AssertionError: expected [https://opensource-demo.orangehrmlive.com/] but found [https://opensource-demo.orangehrmlive.com/web/index.php/auth/login]
at testNG_Listener_ExtentReport.TestCasesClass.testURL(TestCasesClass.java:37)
at java.base/java.util.ArrayList.forEach(ArrayList.java:1541)
... Removed 33 stack frames]]>
    </failure>
  </testcase> <!-- testURL -->
  <testcase classname="testNG_Listener_ExtentReport.TestCasesClass" name="testLogo" time="0.049"/>
  <testcase classname="testNG_Listener_ExtentReport.TestCasesClass" name="testTitle" time="0.0">
    <skipped/>
  </testcase> <!-- testTitle -->
</testsuite> <!-- Test -->
