<?xml version="1.0" encoding="UTF-8"?>
<!-- Generated by org.testng.reporters.JUnitReportReporter -->
<testsuite hostname="DESKTOP-LOSCQCA" failures="0" tests="9" name="testNG_Parallel_Testing.UsingXMLFile" time="0.360" errors="0" timestamp="2025-02-08T02:00:06 IST" skipped="0">
  <testcase classname="testNG_Parallel_Testing.UsingXMLFile" name="testTitle" time="0.006"/>
  <system-out/>
  <testcase classname="testNG_Parallel_Testing.UsingXMLFile" name="testURL" time="0.010"/>
  <system-out/>
  <testcase classname="testNG_Parallel_Testing.UsingXMLFile" name="testLogo" time="0.085"/>
  <system-out/>
  <testcase classname="testNG_Parallel_Testing.UsingXMLFile" name="testLogo" time="0.087"/>
  <system-out/>
  <testcase classname="testNG_Parallel_Testing.UsingXMLFile" name="testURL" time="0.005"/>
  <system-out/>
  <testcase classname="testNG_Parallel_Testing.UsingXMLFile" name="testLogo" time="0.131"/>
  <system-out/>
  <testcase classname="testNG_Parallel_Testing.UsingXMLFile" name="testTitle" time="0.011"/>
  <system-out/>
  <testcase classname="testNG_Parallel_Testing.UsingXMLFile" name="testTitle" time="0.013"/>
  <system-out/>
  <testcase classname="testNG_Parallel_Testing.UsingXMLFile" name="testURL" time="0.012"/>
  <system-out/>
</testsuite> <!-- testNG_Parallel_Testing.UsingXMLFile -->
