<?xml version="1.0" encoding="UTF-8"?>
<!-- Generated by org.testng.reporters.JUnitReportReporter -->
<testsuite hostname="DESKTOP-LOSCQCA" failures="0" tests="3" name="testNG_Grouping.LoginTest" time="0.013" errors="0" timestamp="2025-02-07T23:39:52 IST" skipped="0">
  <testcase classname="testNG_Grouping.LoginTest" name="loginByGmail" time="0.011"/>
  <system-out/>
  <testcase classname="testNG_Grouping.LoginTest" name="loginByFacebook" time="0.001"/>
  <system-out/>
  <testcase classname="testNG_Grouping.LoginTest" name="loginByTweeter" time="0.001"/>
  <system-out/>
</testsuite> <!-- testNG_Grouping.LoginTest -->
