<?xml version="1.0" encoding="UTF-8"?>
<!-- Generated by org.testng.reporters.JUnitReportReporter -->
<testsuite hostname="DESKTOP-LOSCQCA" failures="0" tests="6" name="testNGBeforeTestAfterTest.C1" time="0.015" errors="0" timestamp="2025-01-28T10:40:43 IST" skipped="0">
  <testcase classname="testNGBeforeTestAfterTest.C1" name="m1" time="0.002"/>
  <system-out/>
  <testcase classname="testNGBeforeTestAfterTest.C1" name="m1" time="0.002"/>
  <system-out/>
  <testcase classname="testNGBeforeTestAfterTest.C1" name="m2" time="0.003"/>
  <system-out/>
  <testcase classname="testNGBeforeTestAfterTest.C1" name="m2" time="0.003"/>
  <system-out/>
  <testcase classname="testNGBeforeTestAfterTest.C1" name="m3" time="0.002"/>
  <system-out/>
  <testcase classname="testNGBeforeTestAfterTest.C1" name="m3" time="0.003"/>
  <system-out/>
</testsuite> <!-- testNGBeforeTestAfterTest.C1 -->
