<?xml version="1.0" encoding="UTF-8"?>
<!-- Generated by org.testng.reporters.JUnitReportReporter -->
<testsuite hostname="DESKTOP-LOSCQCA" failures="0" tests="4" name="testNGBeforeTestAfterTest.C2" time="0.013" errors="0" timestamp="2025-01-28T10:40:43 IST" skipped="0">
  <testcase classname="testNGBeforeTestAfterTest.C2" name="m6" time="0.001"/>
  <system-out/>
  <testcase classname="testNGBeforeTestAfterTest.C2" name="m6" time="0.007"/>
  <system-out/>
  <testcase classname="testNGBeforeTestAfterTest.C2" name="m2" time="0.004"/>
  <system-out/>
  <testcase classname="testNGBeforeTestAfterTest.C2" name="m2" time="0.001"/>
  <system-out/>
</testsuite> <!-- testNGBeforeTestAfterTest.C2 -->
