<?xml version="1.0" encoding="UTF-8"?>
<!-- Generated by org.testng.reporters.JUnitReportReporter -->
<testsuite hostname="DESKTOP-LOSCQCA" failures="0" tests="4" name="testMicrosoftEdge.MSEdge" time="19.383" errors="0" timestamp="2025-02-08T01:47:20 IST" skipped="0">
  <testcase classname="testMicrosoftEdge.MSEdge" name="testTitle" time="0.014"/>
  <system-out/>
  <testcase classname="testMicrosoftEdge.MSEdge" name="testLaunchEdge" time="19.288"/>
  <system-out/>
  <testcase classname="testMicrosoftEdge.MSEdge" name="testURL" time="0.012"/>
  <system-out/>
  <testcase classname="testMicrosoftEdge.MSEdge" name="testLogo" time="0.069"/>
  <system-out/>
</testsuite> <!-- testMicrosoftEdge.MSEdge -->
