<?xml version="1.0" encoding="UTF-8"?>
<!-- Generated by org.testng.reporters.JUnitReportReporter -->
<testsuite hostname="DESKTOP-LOSCQCA" failures="0" tests="3" name="testNG_Grouping.SignUpTest" time="0.005" errors="0" timestamp="2025-01-28T21:50:24 IST" skipped="0">
  <testcase classname="testNG_Grouping.SignUpTest" name="signUpByGmail" time="0.002"/>
  <system-out/>
  <testcase classname="testNG_Grouping.SignUpTest" name="signUpByFacebook" time="0.001"/>
  <system-out/>
  <testcase classname="testNG_Grouping.SignUpTest" name="signUpByTweeter" time="0.002"/>
  <system-out/>
</testsuite> <!-- testNG_Grouping.SignUpTest -->
