<?xml version="1.0" encoding="UTF-8"?>
<!-- Generated by org.testng.reporters.JUnitReportReporter -->
<testsuite hostname="DESKTOP-LOSCQCA" failures="0" tests="3" name="testNG_Parallel_Testing.ParallelTestingUsingTestNgXML" time="0.251" errors="0" timestamp="2025-02-07T19:45:29 IST" skipped="0">
  <testcase classname="testNG_Parallel_Testing.ParallelTestingUsingTestNgXML" name="testLogo" time="0.223"/>
  <system-out/>
  <testcase classname="testNG_Parallel_Testing.ParallelTestingUsingTestNgXML" name="testTitle" time="0.015"/>
  <system-out/>
  <testcase classname="testNG_Parallel_Testing.ParallelTestingUsingTestNgXML" name="testURL" time="0.013"/>
  <system-out/>
</testsuite> <!-- testNG_Parallel_Testing.ParallelTestingUsingTestNgXML -->
