<?xml version="1.0" encoding="UTF-8"?>
<!-- Generated by org.testng.reporters.JUnitReportReporter -->
<testsuite hostname="DESKTOP-LOSCQCA" failures="0" tests="2" name="testNG_Grouping.PaymentTest" time="0.013" errors="0" timestamp="2025-01-28T21:50:24 IST" skipped="0">
  <testcase classname="testNG_Grouping.PaymentTest" name="paymentInRupees" time="0.012"/>
  <system-out/>
  <testcase classname="testNG_Grouping.PaymentTest" name="paymentInDollars" time="0.001"/>
  <system-out/>
</testsuite> <!-- testNG_Grouping.PaymentTest -->
