<?xml version="1.0" encoding="UTF-8"?>
<!-- Generated by org.testng.reporters.JUnitReportReporter -->
<testsuite hostname="DESKTOP-LOSCQCA" failures="0" tests="4" name="testNG.BeforeMethodAfterMethod" time="0.025" errors="0" timestamp="2025-01-28T09:40:35 IST" skipped="0">
  <testcase classname="testNG.BeforeMethodAfterMethod" name="search" time="0.010"/>
  <system-out/>
  <testcase classname="testNG.BeforeMethodAfterMethod" name="advancedSearch" time="0.008"/>
  <system-out/>
  <testcase classname="testNG.BeforeMethodAfterMethod" name="openModule1" time="0.002"/>
  <system-out/>
  <testcase classname="testNG.BeforeMethodAfterMethod" name="openModule2" time="0.005"/>
  <system-out/>
</testsuite> <!-- testNG.BeforeMethodAfterMethod -->
