<?xml version="1.0" encoding="UTF-8"?>
<!-- Generated by org.testng.reporters.JUnitReportReporter -->
<testsuite hostname="DESKTOP-LOSCQCA" failures="0" tests="4" name="testNG.BeforeTestAfterTest" time="0.018" errors="0" timestamp="2025-01-28T09:52:08 IST" skipped="0">
  <testcase classname="testNG.BeforeTestAfterTest" name="m2" time="0.009"/>
  <system-out/>
  <testcase classname="testNG.BeforeTestAfterTest" name="m3" time="0.005"/>
  <system-out/>
  <testcase classname="testNG.BeforeTestAfterTest" name="m4" time="0.002"/>
  <system-out/>
  <testcase classname="testNG.BeforeTestAfterTest" name="m5" time="0.002"/>
  <system-out/>
</testsuite> <!-- testNG.BeforeTestAfterTest -->
