<?xml version="1.0" encoding="UTF-8"?>
<!-- Generated by org.testng.reporters.JUnitXMLReporter -->
<testsuite ignored="0" hostname="DESKTOP-LOSCQCA" failures="0" tests="5" name="Test" time="0.103" errors="0" timestamp="2025-01-28T10:18:18 IST">
  <testcase classname="testNGBeforeTestAfterTest.C2" name="m6" time="0.008"/>
  <testcase classname="testNGBeforeTestAfterTest.C2" name="m2" time="0.002"/>
  <testcase classname="testNGBeforeTestAfterTest.C1" name="m1" time="0.002"/>
  <testcase classname="testNGBeforeTestAfterTest.C1" name="m2" time="0.002"/>
  <testcase classname="testNGBeforeTestAfterTest.C1" name="m3" time="0.004"/>
</testsuite> <!-- Test -->
