<?xml version="1.0" encoding="UTF-8"?>
<!-- Generated by org.testng.reporters.JUnitXMLReporter -->
<testsuite ignored="0" hostname="DESKTOP-LOSCQCA" failures="0" tests="5" name="Test1" time="0.101" errors="0" timestamp="2025-01-28T10:40:43 IST">
  <testcase classname="testNGBeforeTestAfterTest.C2" name="m6" time="0.007"/>
  <testcase classname="testNGBeforeTestAfterTest.C2" name="m2" time="0.001"/>
  <testcase classname="testNGBeforeTestAfterTest.C1" name="m1" time="0.002"/>
  <testcase classname="testNGBeforeTestAfterTest.C1" name="m2" time="0.003"/>
  <testcase classname="testNGBeforeTestAfterTest.C1" name="m3" time="0.002"/>
</testsuite> <!-- Test1 -->
